<?xml version="1.0" encoding="UTF-8"?>
<!-- Generated by org.testng.reporters.JUnitReportReporter -->
<testsuite hostname="LAPTOP-QUPJLDKA" failures="0" tests="1" name="Tests.Registracija" time="12.474" errors="0" timestamp="2022-06-27T14:47:32 BST" skipped="0">
  <testcase classname="Tests.Registracija" name="RegistracijaEgzistuojantisVartotojas" time="12.474"/>
  <system-out/>
</testsuite> <!-- Tests.Registracija -->
