<?xml version="1.0" encoding="UTF-8"?>
<!-- Generated by org.testng.reporters.JUnitReportReporter -->
<testsuite hostname="LAPTOP-QUPJLDKA" failures="0" tests="1" name="Tests.Prisijungimas" time="15.480" errors="0" timestamp="2022-06-27T14:55:19 BST" skipped="0">
  <testcase classname="Tests.Prisijungimas" name="NesekmingasPrisijungimas" time="15.480"/>
  <system-out/>
</testsuite> <!-- Tests.Prisijungimas -->
