<?xml version="1.0" encoding="UTF-8"?>
<!-- Generated by org.testng.reporters.JUnitReportReporter -->
<testsuite hostname="LAPTOP-QUPJLDKA" failures="0" tests="1" name="Tests.VisiTestai" time="65.192" errors="0" timestamp="2022-06-27T15:42:42 BST" skipped="0">
  <testcase classname="Tests.VisiTestai" name="SekmingasAtsijungimas" time="65.192"/>
  <system-out/>
</testsuite> <!-- Tests.VisiTestai -->
